<?xml version="1.0" encoding="UTF-8"?>
<!-- Generated by org.testng.reporters.JUnitXMLReporter -->
<testsuite ignored="0" hostname="LAPTOP-4BOLQVHO" failures="1" tests="9" name="Test" time="34.184" errors="0" timestamp="11 Feb 2022 20:34:25 GMT">
  <testcase classname="com.vendora.testcases.TC_Login_001" name="Login" time="7.586"/>
  <testcase classname="com.vendora.testcases.TC_LoginAssertion_002" name="AssertionTest" time="0.014">
    <failure type="java.lang.AssertionError" message="expected [Login | Vendor Portal] but found [Dashboard | Vendor Portal]">
      <![CDATA[java.lang.AssertionError: expected [Login | Vendor Portal] but found [Dashboard | Vendor Portal]
at com.vendora.testcases.TC_LoginAssertion_002.AssertionTest(TC_LoginAssertion_002.java:12)
... Removed 31 stack frames]]>
    </failure>
  </testcase> <!-- AssertionTest -->
  <testcase classname="com.vendora.testcases.TC_LoginDDT_003" name="LoginDDT" time="0.842"/>
  <testcase classname="com.vendora.testcases.TC_LoginDDT_003" name="LoginDDT" time="1.808"/>
  <testcase classname="com.vendora.testcases.TC_LoginDDT_003" name="LoginDDT" time="1.942"/>
  <testcase classname="com.vendora.testcases.TC_LoginDDT_003" name="LoginDDT" time="0.736"/>
  <testcase classname="com.vendora.testcases.TC_LoginDDT_003" name="LoginDDT" time="0.679"/>
  <testcase classname="com.vendora.testcases.TC_LoginDDT_003" name="LoginDDT" time="0.67"/>
  <testcase classname="com.vendora.testcases.TC_LoginDDT_003" name="LoginDDT" time="2.111"/>
</testsuite> <!-- Test -->
